<?xml version="1.0" encoding="UTF-8"?>
<!-- Generated by org.testng.reporters.JUnitReportReporter -->
<testsuite skipped="0" hostname="User-PC" name="com.leafBot.testcases.TC003_CreateLead" tests="2" failures="0" timestamp="02 Feb 2020 06:27:44 GMT" time="61.646" errors="0">
  <testcase name="createLead" time="25.202" classname="com.leafBot.testcases.TC003_CreateLead"/>
  <testcase name="createLead" time="36.444" classname="com.leafBot.testcases.TC003_CreateLead"/>
</testsuite> <!-- com.leafBot.testcases.TC003_CreateLead -->
